app/build/intermediates/manifest_merge_blame_file/debug/manifest-merger-blame-debug-report.txt
1<?xml version="1.0" encoding="utf-8"?>
2<manifest xmlns:android="http://schemas.android.com/apk/res/android"
3    package="com.example.plazapalm"
4    android:versionCode="1"
5    android:versionName="1.0" >
6
7    <uses-sdk
8        android:minSdkVersion="21"
8-->src\main\AndroidManifest.xml
9        android:targetSdkVersion="32" />
9-->src\main\AndroidManifest.xml
10
11    <uses-permission android:name="android.permission.ACCESS_NETWORK_STATE" />
11-->src\main\AndroidManifest.xml:5:5-79
11-->src\main\AndroidManifest.xml:5:22-76
12    <uses-permission android:name="android.permission.INTERNET" />
12-->src\main\AndroidManifest.xml:6:5-67
12-->src\main\AndroidManifest.xml:6:22-64
13    <uses-permission android:name="android.permission.ACCESS_COARSE_LOCATION" />
13-->src\main\AndroidManifest.xml:7:5-81
13-->src\main\AndroidManifest.xml:7:22-78
14    <uses-permission android:name="android.permission.ACCESS_FINE_LOCATION" />
14-->src\main\AndroidManifest.xml:8:5-79
14-->src\main\AndroidManifest.xml:8:22-76
15    <uses-permission android:name="android.permission.READ_EXTERNAL_STORAGE" />
15-->src\main\AndroidManifest.xml:9:5-80
15-->src\main\AndroidManifest.xml:9:22-77
16    <uses-permission
16-->src\main\AndroidManifest.xml:10:5-81
17        android:name="android.permission.WRITE_EXTERNAL_STORAGE"
17-->src\main\AndroidManifest.xml:10:22-78
18        android:maxSdkVersion="28" />
18-->[io.ak1.pix:piximagepicker:1.6.2] AndroidManifest.xml:16:9-35
19    <uses-permission android:name="android.permission.FLASHLIGHT" />
19-->src\main\AndroidManifest.xml:11:5-69
19-->src\main\AndroidManifest.xml:11:22-66
20    <uses-permission android:name="android.permission.CAMERA" />
20-->src\main\AndroidManifest.xml:12:5-65
20-->src\main\AndroidManifest.xml:12:22-62
21
22    <uses-feature android:name="android.hardware.camera.any" />
22-->[io.ak1.pix:piximagepicker:1.6.2] AndroidManifest.xml:9:5-64
22-->[io.ak1.pix:piximagepicker:1.6.2] AndroidManifest.xml:9:19-61
23
24    <uses-permission android:name="android.permission.RECORD_AUDIO" />
24-->[io.ak1.pix:piximagepicker:1.6.2] AndroidManifest.xml:12:5-71
24-->[io.ak1.pix:piximagepicker:1.6.2] AndroidManifest.xml:12:22-68
25
26    <uses-feature
26-->[io.github.g00fy2.quickie:quickie-bundled:1.5.1] AndroidManifest.xml:9:5-11:36
27        android:name="android.hardware.camera"
27-->[io.github.g00fy2.quickie:quickie-bundled:1.5.1] AndroidManifest.xml:10:9-47
28        android:required="false" />
28-->[io.github.g00fy2.quickie:quickie-bundled:1.5.1] AndroidManifest.xml:11:9-33
29
30    <uses-permission android:name="android.permission.ACCESS_WIFI_STATE" />
30-->[com.google.android.libraries.places:places:2.6.0] AndroidManifest.xml:10:5-76
30-->[com.google.android.libraries.places:places:2.6.0] AndroidManifest.xml:10:22-73
31
32    <uses-feature
32-->[com.google.android.gms:play-services-maps:18.1.0] AndroidManifest.xml:26:5-28:35
33        android:glEsVersion="0x00020000"
33-->[com.google.android.gms:play-services-maps:18.1.0] AndroidManifest.xml:27:9-41
34        android:required="true" />
34-->[com.google.android.gms:play-services-maps:18.1.0] AndroidManifest.xml:28:9-32
35
36    <queries>
36-->[com.google.android.gms:play-services-maps:18.1.0] AndroidManifest.xml:30:5-34:15
37
38        <!-- Needs to be explicitly declared on Android R+ -->
39        <package android:name="com.google.android.apps.maps" />
39-->[com.google.android.gms:play-services-maps:18.1.0] AndroidManifest.xml:33:9-64
39-->[com.google.android.gms:play-services-maps:18.1.0] AndroidManifest.xml:33:18-61
40
41        <intent>
41-->[androidx.camera:camera-extensions:1.0.0-alpha25] AndroidManifest.xml:25:9-27:18
42            <action android:name="androidx.camera.extensions.action.VENDOR_ACTION" />
42-->[androidx.camera:camera-extensions:1.0.0-alpha25] AndroidManifest.xml:26:13-86
42-->[androidx.camera:camera-extensions:1.0.0-alpha25] AndroidManifest.xml:26:21-83
43        </intent>
44    </queries>
45
46    <uses-feature
46-->[com.journeyapps:zxing-android-embedded:4.3.0] AndroidManifest.xml:28:5-30:36
47        android:name="android.hardware.camera.front"
47-->[com.journeyapps:zxing-android-embedded:4.3.0] AndroidManifest.xml:29:9-53
48        android:required="false" /> <!-- TODO replace above two with next line after Android 4.2 -->
48-->[com.journeyapps:zxing-android-embedded:4.3.0] AndroidManifest.xml:30:9-33
49    <!-- <uses-feature android:name="android.hardware.camera.any"/> -->
50    <uses-feature
50-->[com.journeyapps:zxing-android-embedded:4.3.0] AndroidManifest.xml:33:5-35:36
51        android:name="android.hardware.camera.autofocus"
51-->[com.journeyapps:zxing-android-embedded:4.3.0] AndroidManifest.xml:34:9-57
52        android:required="false" />
52-->[com.journeyapps:zxing-android-embedded:4.3.0] AndroidManifest.xml:35:9-33
53    <uses-feature
53-->[com.journeyapps:zxing-android-embedded:4.3.0] AndroidManifest.xml:36:5-38:36
54        android:name="android.hardware.camera.flash"
54-->[com.journeyapps:zxing-android-embedded:4.3.0] AndroidManifest.xml:37:9-53
55        android:required="false" />
55-->[com.journeyapps:zxing-android-embedded:4.3.0] AndroidManifest.xml:38:9-33
56    <uses-feature
56-->[com.journeyapps:zxing-android-embedded:4.3.0] AndroidManifest.xml:39:5-41:36
57        android:name="android.hardware.screen.landscape"
57-->[com.journeyapps:zxing-android-embedded:4.3.0] AndroidManifest.xml:40:9-57
58        android:required="false" />
58-->[com.journeyapps:zxing-android-embedded:4.3.0] AndroidManifest.xml:41:9-33
59    <uses-feature
59-->[com.journeyapps:zxing-android-embedded:4.3.0] AndroidManifest.xml:42:5-44:36
60        android:name="android.hardware.wifi"
60-->[com.journeyapps:zxing-android-embedded:4.3.0] AndroidManifest.xml:43:9-45
61        android:required="false" />
61-->[com.journeyapps:zxing-android-embedded:4.3.0] AndroidManifest.xml:44:9-33
62    <!--
63    <uses-feature
64        android:name="android.hardware.camera"
65        android:required="true" />
66    -->
67    <!--
68    <uses-permission android:name="android.permission.CAMERA"
69        android:required="true"
70        android:requiredFeature="true"/>
71    -->
72    <application
72-->src\main\AndroidManifest.xml:24:5-71:19
73        android:name="com.example.plazapalm.utils.AppController"
73-->src\main\AndroidManifest.xml:25:9-44
74        android:allowBackup="false"
74-->src\main\AndroidManifest.xml:26:9-36
75        android:appComponentFactory="androidx.core.app.CoreComponentFactory"
75-->[androidx.core:core:1.8.0] AndroidManifest.xml:24:18-86
76        android:dataExtractionRules="@xml/data_extraction_rules"
76-->src\main\AndroidManifest.xml:27:9-65
77        android:debuggable="true"
78        android:fullBackupContent="@xml/backup_rules"
78-->src\main\AndroidManifest.xml:28:9-54
79        android:icon="@mipmap/ic_launcher"
79-->src\main\AndroidManifest.xml:29:9-43
80        android:label="@string/app_name"
80-->src\main\AndroidManifest.xml:30:9-41
81        android:largeHeap="true"
81-->src\main\AndroidManifest.xml:31:9-33
82        android:networkSecurityConfig="@xml/network_security_config"
82-->src\main\AndroidManifest.xml:33:9-69
83        android:requestLegacyExternalStorage="true"
83-->src\main\AndroidManifest.xml:32:9-52
84        android:roundIcon="@mipmap/ic_launcher_round"
84-->src\main\AndroidManifest.xml:34:9-54
85        android:supportsRtl="true"
85-->src\main\AndroidManifest.xml:35:9-35
86        android:testOnly="true"
87        android:theme="@style/Theme.PlazaPalm"
87-->src\main\AndroidManifest.xml:36:9-47
88        android:usesCleartextTraffic="true" >
88-->src\main\AndroidManifest.xml:37:9-44
89        <provider
90            android:name="androidx.core.content.FileProvider"
90-->src\main\AndroidManifest.xml:41:13-62
91            android:authorities="com.example.plazapalm.fileprovider"
91-->src\main\AndroidManifest.xml:42:13-64
92            android:exported="false"
92-->src\main\AndroidManifest.xml:43:13-37
93            android:grantUriPermissions="true" >
93-->src\main\AndroidManifest.xml:44:13-47
94            <meta-data
94-->src\main\AndroidManifest.xml:46:13-49:25
95                android:name="android.support.FILE_PROVIDER_PATHS"
95-->src\main\AndroidManifest.xml:47:17-67
96                android:resource="@xml/file_paths" >
96-->src\main\AndroidManifest.xml:48:17-51
97            </meta-data>
98        </provider>
99
100        <meta-data
100-->src\main\AndroidManifest.xml:52:9-54:57
101            android:name="com.google.android.geo.API_KEY"
101-->src\main\AndroidManifest.xml:53:13-58
102            android:value="@string/google_places_api" />
102-->src\main\AndroidManifest.xml:54:13-54
103        <meta-data
103-->src\main\AndroidManifest.xml:55:9-59:21
104            android:name="com.google.mlkit.vision.DEPENDENCIES"
104-->src\main\AndroidManifest.xml:56:13-64
105            android:value="barcode" >
105-->src\main\AndroidManifest.xml:57:13-36
106
107            <!-- To use multiple models: android:value="barcode,model2,model3" -->
108        </meta-data>
109
110        <activity
110-->src\main\AndroidManifest.xml:61:9-70:20
111            android:name="com.example.plazapalm.MainActivity"
111-->src\main\AndroidManifest.xml:62:13-41
112            android:configChanges="uiMode"
112-->src\main\AndroidManifest.xml:63:13-43
113            android:exported="true" >
113-->src\main\AndroidManifest.xml:64:13-36
114            <intent-filter>
114-->src\main\AndroidManifest.xml:65:13-68:29
115                <action android:name="android.intent.action.MAIN" />
115-->src\main\AndroidManifest.xml:66:17-69
115-->src\main\AndroidManifest.xml:66:25-66
116
117                <category android:name="android.intent.category.LAUNCHER" />
117-->src\main\AndroidManifest.xml:67:17-77
117-->src\main\AndroidManifest.xml:67:27-74
118            </intent-filter>
119        </activity>
120        <activity
120-->[io.github.g00fy2.quickie:quickie-bundled:1.5.1] AndroidManifest.xml:16:9-19:61
121            android:name="io.github.g00fy2.quickie.QRScannerActivity"
121-->[io.github.g00fy2.quickie:quickie-bundled:1.5.1] AndroidManifest.xml:17:13-70
122            android:screenOrientation="behind"
122-->[io.github.g00fy2.quickie:quickie-bundled:1.5.1] AndroidManifest.xml:18:13-47
123            android:theme="@style/QuickieScannerActivity" />
123-->[io.github.g00fy2.quickie:quickie-bundled:1.5.1] AndroidManifest.xml:19:13-58
124        <activity
124-->[com.google.android.libraries.places:places:2.6.0] AndroidManifest.xml:14:9-20:20
125            android:name="com.google.android.libraries.places.widget.AutocompleteActivity"
125-->[com.google.android.libraries.places:places:2.6.0] AndroidManifest.xml:15:13-91
126            android:exported="false"
126-->[com.google.android.libraries.places:places:2.6.0] AndroidManifest.xml:16:13-37
127            android:label="@string/places_autocomplete_label"
127-->[com.google.android.libraries.places:places:2.6.0] AndroidManifest.xml:17:13-62
128            android:theme="@style/PlacesAutocompleteOverlay"
128-->[com.google.android.libraries.places:places:2.6.0] AndroidManifest.xml:18:13-61
129            android:windowSoftInputMode="adjustResize" >
129-->[com.google.android.libraries.places:places:2.6.0] AndroidManifest.xml:19:13-55
130        </activity>
131        <activity
131-->[com.google.android.gms:play-services-auth:20.4.0] AndroidManifest.xml:23:9-27:75
132            android:name="com.google.android.gms.auth.api.signin.internal.SignInHubActivity"
132-->[com.google.android.gms:play-services-auth:20.4.0] AndroidManifest.xml:24:13-93
133            android:excludeFromRecents="true"
133-->[com.google.android.gms:play-services-auth:20.4.0] AndroidManifest.xml:25:13-46
134            android:exported="false"
134-->[com.google.android.gms:play-services-auth:20.4.0] AndroidManifest.xml:26:13-37
135            android:theme="@android:style/Theme.Translucent.NoTitleBar" />
135-->[com.google.android.gms:play-services-auth:20.4.0] AndroidManifest.xml:27:13-72
136        <!--
137            Service handling Google Sign-In user revocation. For apps that do not integrate with
138            Google Sign-In, this service will never be started.
139        -->
140        <service
140-->[com.google.android.gms:play-services-auth:20.4.0] AndroidManifest.xml:33:9-37:51
141            android:name="com.google.android.gms.auth.api.signin.RevocationBoundService"
141-->[com.google.android.gms:play-services-auth:20.4.0] AndroidManifest.xml:34:13-89
142            android:exported="true"
142-->[com.google.android.gms:play-services-auth:20.4.0] AndroidManifest.xml:35:13-36
143            android:permission="com.google.android.gms.auth.api.signin.permission.REVOCATION_NOTIFICATION"
143-->[com.google.android.gms:play-services-auth:20.4.0] AndroidManifest.xml:36:13-107
144            android:visibleToInstantApps="true" /> <!-- Needs to be explicitly declared on P+ -->
144-->[com.google.android.gms:play-services-auth:20.4.0] AndroidManifest.xml:37:13-48
145        <uses-library
145-->[com.google.android.gms:play-services-maps:18.1.0] AndroidManifest.xml:39:9-41:40
146            android:name="org.apache.http.legacy"
146-->[com.google.android.gms:play-services-maps:18.1.0] AndroidManifest.xml:40:13-50
147            android:required="false" />
147-->[com.google.android.gms:play-services-maps:18.1.0] AndroidManifest.xml:41:13-37
148
149        <service
149-->[com.google.android.gms:play-services-mlkit-barcode-scanning:18.1.0] AndroidManifest.xml:9:9-15:19
150            android:name="com.google.mlkit.common.internal.MlKitComponentDiscoveryService"
150-->[com.google.android.gms:play-services-mlkit-barcode-scanning:18.1.0] AndroidManifest.xml:10:13-91
151            android:directBootAware="true"
151-->[com.google.mlkit:common:18.5.0] AndroidManifest.xml:17:13-43
152            android:exported="false" >
152-->[com.google.android.gms:play-services-mlkit-barcode-scanning:18.1.0] AndroidManifest.xml:11:13-37
153            <meta-data
153-->[com.google.android.gms:play-services-mlkit-barcode-scanning:18.1.0] AndroidManifest.xml:12:13-14:85
154                android:name="com.google.firebase.components:com.google.mlkit.vision.barcode.internal.BarcodeRegistrar"
154-->[com.google.android.gms:play-services-mlkit-barcode-scanning:18.1.0] AndroidManifest.xml:13:17-120
155                android:value="com.google.firebase.components.ComponentRegistrar" />
155-->[com.google.android.gms:play-services-mlkit-barcode-scanning:18.1.0] AndroidManifest.xml:14:17-82
156            <meta-data
156-->[com.google.android.gms:play-services-mlkit-text-recognition-common:18.0.0] AndroidManifest.xml:12:13-14:85
157                android:name="com.google.firebase.components:com.google.mlkit.vision.text.internal.TextRegistrar"
157-->[com.google.android.gms:play-services-mlkit-text-recognition-common:18.0.0] AndroidManifest.xml:13:17-114
158                android:value="com.google.firebase.components.ComponentRegistrar" />
158-->[com.google.android.gms:play-services-mlkit-text-recognition-common:18.0.0] AndroidManifest.xml:14:17-82
159            <meta-data
159-->[com.google.mlkit:vision-common:17.2.1] AndroidManifest.xml:12:13-14:85
160                android:name="com.google.firebase.components:com.google.mlkit.vision.common.internal.VisionCommonRegistrar"
160-->[com.google.mlkit:vision-common:17.2.1] AndroidManifest.xml:13:17-124
161                android:value="com.google.firebase.components.ComponentRegistrar" />
161-->[com.google.mlkit:vision-common:17.2.1] AndroidManifest.xml:14:17-82
162            <meta-data
162-->[com.google.mlkit:common:18.5.0] AndroidManifest.xml:20:13-22:85
163                android:name="com.google.firebase.components:com.google.mlkit.common.internal.CommonComponentRegistrar"
163-->[com.google.mlkit:common:18.5.0] AndroidManifest.xml:21:17-120
164                android:value="com.google.firebase.components.ComponentRegistrar" />
164-->[com.google.mlkit:common:18.5.0] AndroidManifest.xml:22:17-82
165        </service>
166
167        <provider
167-->[com.google.mlkit:common:18.5.0] AndroidManifest.xml:9:9-13:38
168            android:name="com.google.mlkit.common.internal.MlKitInitProvider"
168-->[com.google.mlkit:common:18.5.0] AndroidManifest.xml:10:13-78
169            android:authorities="com.example.plazapalm.mlkitinitprovider"
169-->[com.google.mlkit:common:18.5.0] AndroidManifest.xml:11:13-69
170            android:exported="false"
170-->[com.google.mlkit:common:18.5.0] AndroidManifest.xml:12:13-37
171            android:initOrder="99" />
171-->[com.google.mlkit:common:18.5.0] AndroidManifest.xml:13:13-35
172
173        <activity
173-->[com.google.android.gms:play-services-base:18.1.0] AndroidManifest.xml:20:9-22:45
174            android:name="com.google.android.gms.common.api.GoogleApiActivity"
174-->[com.google.android.gms:play-services-base:18.1.0] AndroidManifest.xml:20:19-85
175            android:exported="false"
175-->[com.google.android.gms:play-services-base:18.1.0] AndroidManifest.xml:22:19-43
176            android:theme="@android:style/Theme.Translucent.NoTitleBar" />
176-->[com.google.android.gms:play-services-base:18.1.0] AndroidManifest.xml:21:19-78
177
178        <meta-data
178-->[com.google.android.gms:play-services-basement:18.1.0] AndroidManifest.xml:21:9-23:69
179            android:name="com.google.android.gms.version"
179-->[com.google.android.gms:play-services-basement:18.1.0] AndroidManifest.xml:22:13-58
180            android:value="@integer/google_play_services_version" />
180-->[com.google.android.gms:play-services-basement:18.1.0] AndroidManifest.xml:23:13-66
181
182        <uses-library
182-->[androidx.window:window:1.0.0] AndroidManifest.xml:25:9-27:40
183            android:name="androidx.window.extensions"
183-->[androidx.window:window:1.0.0] AndroidManifest.xml:26:13-54
184            android:required="false" />
184-->[androidx.window:window:1.0.0] AndroidManifest.xml:27:13-37
185        <uses-library
185-->[androidx.window:window:1.0.0] AndroidManifest.xml:28:9-30:40
186            android:name="androidx.window.sidecar"
186-->[androidx.window:window:1.0.0] AndroidManifest.xml:29:13-51
187            android:required="false" />
187-->[androidx.window:window:1.0.0] AndroidManifest.xml:30:13-37
188        <uses-library
188-->[androidx.camera:camera-extensions:1.0.0-alpha25] AndroidManifest.xml:31:9-33:40
189            android:name="androidx.camera.extensions.impl"
189-->[androidx.camera:camera-extensions:1.0.0-alpha25] AndroidManifest.xml:32:13-59
190            android:required="false" />
190-->[androidx.camera:camera-extensions:1.0.0-alpha25] AndroidManifest.xml:33:13-37
191
192        <service
192-->[androidx.camera:camera-camera2:1.1.0] AndroidManifest.xml:26:9-35:19
193            android:name="androidx.camera.core.impl.MetadataHolderService"
193-->[androidx.camera:camera-camera2:1.1.0] AndroidManifest.xml:27:13-75
194            android:enabled="false"
194-->[androidx.camera:camera-camera2:1.1.0] AndroidManifest.xml:28:13-36
195            android:exported="false" >
195-->[androidx.camera:camera-camera2:1.1.0] AndroidManifest.xml:29:13-37
196            <meta-data
196-->[androidx.camera:camera-camera2:1.1.0] AndroidManifest.xml:32:13-34:89
197                android:name="androidx.camera.core.impl.MetadataHolderService.DEFAULT_CONFIG_PROVIDER"
197-->[androidx.camera:camera-camera2:1.1.0] AndroidManifest.xml:33:17-103
198                android:value="androidx.camera.camera2.Camera2Config$DefaultProvider" />
198-->[androidx.camera:camera-camera2:1.1.0] AndroidManifest.xml:34:17-86
199        </service>
200
201        <provider
201-->[com.squareup.picasso:picasso:2.71828] AndroidManifest.xml:8:9-11:40
202            android:name="com.squareup.picasso.PicassoProvider"
202-->[com.squareup.picasso:picasso:2.71828] AndroidManifest.xml:9:13-64
203            android:authorities="com.example.plazapalm.com.squareup.picasso"
203-->[com.squareup.picasso:picasso:2.71828] AndroidManifest.xml:10:13-72
204            android:exported="false" />
204-->[com.squareup.picasso:picasso:2.71828] AndroidManifest.xml:11:13-37
205
206        <activity
206-->[com.journeyapps:zxing-android-embedded:4.3.0] AndroidManifest.xml:47:9-53:63
207            android:name="com.journeyapps.barcodescanner.CaptureActivity"
207-->[com.journeyapps:zxing-android-embedded:4.3.0] AndroidManifest.xml:48:13-74
208            android:clearTaskOnLaunch="true"
208-->[com.journeyapps:zxing-android-embedded:4.3.0] AndroidManifest.xml:49:13-45
209            android:screenOrientation="sensorLandscape"
209-->[com.journeyapps:zxing-android-embedded:4.3.0] AndroidManifest.xml:50:13-56
210            android:stateNotNeeded="true"
210-->[com.journeyapps:zxing-android-embedded:4.3.0] AndroidManifest.xml:51:13-42
211            android:theme="@style/zxing_CaptureTheme"
211-->[com.journeyapps:zxing-android-embedded:4.3.0] AndroidManifest.xml:52:13-54
212            android:windowSoftInputMode="stateAlwaysHidden" />
212-->[com.journeyapps:zxing-android-embedded:4.3.0] AndroidManifest.xml:53:13-60
213
214        <provider
214-->[androidx.emoji2:emoji2:1.2.0] AndroidManifest.xml:24:9-32:20
215            android:name="androidx.startup.InitializationProvider"
215-->[androidx.emoji2:emoji2:1.2.0] AndroidManifest.xml:25:13-67
216            android:authorities="com.example.plazapalm.androidx-startup"
216-->[androidx.emoji2:emoji2:1.2.0] AndroidManifest.xml:26:13-68
217            android:exported="false" >
217-->[androidx.emoji2:emoji2:1.2.0] AndroidManifest.xml:27:13-37
218            <meta-data
218-->[androidx.emoji2:emoji2:1.2.0] AndroidManifest.xml:29:13-31:52
219                android:name="androidx.emoji2.text.EmojiCompatInitializer"
219-->[androidx.emoji2:emoji2:1.2.0] AndroidManifest.xml:30:17-75
220                android:value="androidx.startup" />
220-->[androidx.emoji2:emoji2:1.2.0] AndroidManifest.xml:31:17-49
221            <meta-data
221-->[androidx.lifecycle:lifecycle-process:2.4.1] AndroidManifest.xml:31:13-33:52
222                android:name="androidx.lifecycle.ProcessLifecycleInitializer"
222-->[androidx.lifecycle:lifecycle-process:2.4.1] AndroidManifest.xml:32:17-78
223                android:value="androidx.startup" />
223-->[androidx.lifecycle:lifecycle-process:2.4.1] AndroidManifest.xml:33:17-49
224        </provider>
225
226        <service
226-->[com.google.android.datatransport:transport-backend-cct:2.3.3] AndroidManifest.xml:29:9-35:19
227            android:name="com.google.android.datatransport.runtime.backends.TransportBackendDiscovery"
227-->[com.google.android.datatransport:transport-backend-cct:2.3.3] AndroidManifest.xml:30:13-103
228            android:exported="false" >
228-->[com.google.android.datatransport:transport-backend-cct:2.3.3] AndroidManifest.xml:31:13-37
229            <meta-data
229-->[com.google.android.datatransport:transport-backend-cct:2.3.3] AndroidManifest.xml:32:13-34:39
230                android:name="backend:com.google.android.datatransport.cct.CctBackendFactory"
230-->[com.google.android.datatransport:transport-backend-cct:2.3.3] AndroidManifest.xml:33:17-94
231                android:value="cct" />
231-->[com.google.android.datatransport:transport-backend-cct:2.3.3] AndroidManifest.xml:34:17-36
232        </service>
233        <service
233-->[com.google.android.datatransport:transport-runtime:2.2.6] AndroidManifest.xml:26:9-30:19
234            android:name="com.google.android.datatransport.runtime.scheduling.jobscheduling.JobInfoSchedulerService"
234-->[com.google.android.datatransport:transport-runtime:2.2.6] AndroidManifest.xml:27:13-117
235            android:exported="false"
235-->[com.google.android.datatransport:transport-runtime:2.2.6] AndroidManifest.xml:28:13-37
236            android:permission="android.permission.BIND_JOB_SERVICE" >
236-->[com.google.android.datatransport:transport-runtime:2.2.6] AndroidManifest.xml:29:13-69
237        </service>
238
239        <receiver
239-->[com.google.android.datatransport:transport-runtime:2.2.6] AndroidManifest.xml:32:9-34:40
240            android:name="com.google.android.datatransport.runtime.scheduling.jobscheduling.AlarmManagerSchedulerBroadcastReceiver"
240-->[com.google.android.datatransport:transport-runtime:2.2.6] AndroidManifest.xml:33:13-132
241            android:exported="false" />
241-->[com.google.android.datatransport:transport-runtime:2.2.6] AndroidManifest.xml:34:13-37
242    </application>
243
244</manifest>